android/app/build/intermediates/manifest_merge_blame_file/debug/manifest-merger-blame-debug-report.txt
1<?xml version="1.0" encoding="utf-8"?>
2<manifest xmlns:android="http://schemas.android.com/apk/res/android"
3    package="com.chowdown"
4    android:versionCode="1"
5    android:versionName="1.0" >
6
7    <uses-sdk
8        android:minSdkVersion="21"
9        android:targetSdkVersion="33" />
10
11    <uses-permission android:name="android.permission.SYSTEM_ALERT_WINDOW" />
11-->src\debug\AndroidManifest.xml:5:5-77
11-->src\debug\AndroidManifest.xml:5:22-75
12    <uses-permission android:name="android.permission.INTERNET" />
12-->src\main\AndroidManifest.xml:3:5-67
12-->src\main\AndroidManifest.xml:3:22-64
13    <uses-permission android:name="android.permission.ACCESS_WIFI_STATE" />
13-->[com.facebook.flipper:flipper:0.125.0] AndroidManifest.xml:16:5-76
13-->[com.facebook.flipper:flipper:0.125.0] AndroidManifest.xml:16:22-73
14    <uses-permission android:name="android.permission.WRITE_EXTERNAL_STORAGE" />
14-->[:react-native-fs] AndroidManifest.xml:9:5-81
14-->[:react-native-fs] AndroidManifest.xml:9:22-78
15    <uses-permission android:name="android.permission.ACCESS_COARSE_LOCATION" />
15-->[:react-native-maps] AndroidManifest.xml:10:5-81
15-->[:react-native-maps] AndroidManifest.xml:10:22-78
16    <uses-permission android:name="android.permission.WAKE_LOCK" />
16-->[androidx.work:work-runtime:2.7.1] AndroidManifest.xml:25:5-68
16-->[androidx.work:work-runtime:2.7.1] AndroidManifest.xml:25:22-65
17    <uses-permission android:name="android.permission.ACCESS_NETWORK_STATE" />
17-->[androidx.work:work-runtime:2.7.1] AndroidManifest.xml:26:5-79
17-->[androidx.work:work-runtime:2.7.1] AndroidManifest.xml:26:22-76
18    <uses-permission android:name="android.permission.RECEIVE_BOOT_COMPLETED" />
18-->[androidx.work:work-runtime:2.7.1] AndroidManifest.xml:27:5-81
18-->[androidx.work:work-runtime:2.7.1] AndroidManifest.xml:27:22-78
19    <uses-permission android:name="android.permission.FOREGROUND_SERVICE" />
19-->[androidx.work:work-runtime:2.7.1] AndroidManifest.xml:28:5-77
19-->[androidx.work:work-runtime:2.7.1] AndroidManifest.xml:28:22-74
20
21    <uses-feature
21-->[com.google.android.gms:play-services-maps:18.0.2] AndroidManifest.xml:26:5-28:35
22        android:glEsVersion="0x00020000"
22-->[com.google.android.gms:play-services-maps:18.0.2] AndroidManifest.xml:27:9-41
23        android:required="true" />
23-->[com.google.android.gms:play-services-maps:18.0.2] AndroidManifest.xml:28:9-32
24
25    <queries>
25-->[com.google.android.gms:play-services-maps:18.0.2] AndroidManifest.xml:30:5-34:15
26
27        <!-- Needs to be explicitly declared on Android R+ -->
28        <package android:name="com.google.android.apps.maps" />
28-->[com.google.android.gms:play-services-maps:18.0.2] AndroidManifest.xml:33:9-64
28-->[com.google.android.gms:play-services-maps:18.0.2] AndroidManifest.xml:33:18-61
29    </queries>
30
31    <application
31-->src\main\AndroidManifest.xml:5:5-24:19
32        android:name="com.chowdown.MainApplication"
32-->src\main\AndroidManifest.xml:6:7-38
33        android:allowBackup="false"
33-->src\main\AndroidManifest.xml:10:7-34
34        android:appComponentFactory="androidx.core.app.CoreComponentFactory"
34-->[androidx.core:core:1.7.0] AndroidManifest.xml:24:18-86
35        android:debuggable="true"
36        android:icon="@mipmap/ic_launcher"
36-->src\main\AndroidManifest.xml:8:7-41
37        android:label="@string/app_name"
37-->src\main\AndroidManifest.xml:7:7-39
38        android:roundIcon="@mipmap/ic_launcher_round"
38-->src\main\AndroidManifest.xml:9:7-52
39        android:theme="@style/AppTheme"
39-->src\main\AndroidManifest.xml:11:7-38
40        android:usesCleartextTraffic="true" >
40-->src\debug\AndroidManifest.xml:8:9-44
41        <activity
41-->src\debug\AndroidManifest.xml:11:9-111
42            android:name="com.facebook.react.devsupport.DevSettingsActivity"
42-->src\debug\AndroidManifest.xml:11:19-83
43            android:exported="false" />
43-->src\debug\AndroidManifest.xml:11:84-108
44        <activity
44-->src\main\AndroidManifest.xml:12:7-23:18
45            android:name="com.chowdown.MainActivity"
45-->src\main\AndroidManifest.xml:13:9-37
46            android:configChanges="keyboard|keyboardHidden|orientation|screenLayout|screenSize|smallestScreenSize|uiMode"
46-->src\main\AndroidManifest.xml:15:9-118
47            android:exported="true"
47-->src\main\AndroidManifest.xml:18:9-32
48            android:label="@string/app_name"
48-->src\main\AndroidManifest.xml:14:9-41
49            android:launchMode="singleTask"
49-->src\main\AndroidManifest.xml:16:9-40
50            android:windowSoftInputMode="adjustResize" >
50-->src\main\AndroidManifest.xml:17:9-51
51            <intent-filter>
51-->src\main\AndroidManifest.xml:19:9-22:25
52                <action android:name="android.intent.action.MAIN" />
52-->src\main\AndroidManifest.xml:20:13-65
52-->src\main\AndroidManifest.xml:20:21-62
53
54                <category android:name="android.intent.category.LAUNCHER" />
54-->src\main\AndroidManifest.xml:21:13-73
54-->src\main\AndroidManifest.xml:21:23-70
55            </intent-filter>
56        </activity>
57
58        <meta-data
58-->[:react-native-firebase_app] AndroidManifest.xml:11:9-13:36
59            android:name="app_data_collection_default_enabled"
59-->[:react-native-firebase_app] AndroidManifest.xml:12:13-63
60            android:value="true" />
60-->[:react-native-firebase_app] AndroidManifest.xml:13:13-33
61
62        <service
62-->[:react-native-firebase_app] AndroidManifest.xml:15:9-23:19
63            android:name="com.google.firebase.components.ComponentDiscoveryService"
63-->[:react-native-firebase_app] AndroidManifest.xml:16:13-84
64            android:directBootAware="true"
64-->[:react-native-firebase_app] AndroidManifest.xml:17:13-43
65            android:exported="false" >
65-->[:react-native-firebase_app] AndroidManifest.xml:18:13-37
66            <meta-data
66-->[:react-native-firebase_app] AndroidManifest.xml:20:13-22:85
67                android:name="com.google.firebase.components:io.invertase.firebase.app.ReactNativeFirebaseAppRegistrar"
67-->[:react-native-firebase_app] AndroidManifest.xml:21:17-120
68                android:value="com.google.firebase.components.ComponentRegistrar" />
68-->[:react-native-firebase_app] AndroidManifest.xml:22:17-82
69        </service>
70
71        <provider
71-->[:react-native-firebase_app] AndroidManifest.xml:25:9-29:38
72            android:name="io.invertase.firebase.app.ReactNativeFirebaseAppInitProvider"
72-->[:react-native-firebase_app] AndroidManifest.xml:26:13-88
73            android:authorities="com.chowdown.reactnativefirebaseappinitprovider"
73-->[:react-native-firebase_app] AndroidManifest.xml:27:13-86
74            android:exported="false"
74-->[:react-native-firebase_app] AndroidManifest.xml:28:13-37
75            android:initOrder="99" />
75-->[:react-native-firebase_app] AndroidManifest.xml:29:13-35
76        <provider
76-->[androidx.work:work-runtime:2.7.1] AndroidManifest.xml:31:9-39:20
77            android:name="androidx.startup.InitializationProvider"
77-->[androidx.work:work-runtime:2.7.1] AndroidManifest.xml:32:13-67
78            android:authorities="com.chowdown.androidx-startup"
78-->[androidx.work:work-runtime:2.7.1] AndroidManifest.xml:33:13-68
79            android:exported="false" >
79-->[androidx.work:work-runtime:2.7.1] AndroidManifest.xml:34:13-37
80            <meta-data
80-->[androidx.work:work-runtime:2.7.1] AndroidManifest.xml:36:13-38:52
81                android:name="androidx.work.WorkManagerInitializer"
81-->[androidx.work:work-runtime:2.7.1] AndroidManifest.xml:37:17-68
82                android:value="androidx.startup" />
82-->[androidx.work:work-runtime:2.7.1] AndroidManifest.xml:38:17-49
83            <meta-data
83-->[androidx.emoji2:emoji2:1.0.0] AndroidManifest.xml:31:13-33:52
84                android:name="androidx.emoji2.text.EmojiCompatInitializer"
84-->[androidx.emoji2:emoji2:1.0.0] AndroidManifest.xml:32:17-75
85                android:value="androidx.startup" />
85-->[androidx.emoji2:emoji2:1.0.0] AndroidManifest.xml:33:17-49
86            <meta-data
86-->[androidx.lifecycle:lifecycle-process:2.4.0] AndroidManifest.xml:31:13-33:52
87                android:name="androidx.lifecycle.ProcessLifecycleInitializer"
87-->[androidx.lifecycle:lifecycle-process:2.4.0] AndroidManifest.xml:32:17-78
88                android:value="androidx.startup" />
88-->[androidx.lifecycle:lifecycle-process:2.4.0] AndroidManifest.xml:33:17-49
89        </provider>
90
91        <service
91-->[androidx.work:work-runtime:2.7.1] AndroidManifest.xml:41:9-46:35
92            android:name="androidx.work.impl.background.systemalarm.SystemAlarmService"
92-->[androidx.work:work-runtime:2.7.1] AndroidManifest.xml:42:13-88
93            android:directBootAware="false"
93-->[androidx.work:work-runtime:2.7.1] AndroidManifest.xml:43:13-44
94            android:enabled="@bool/enable_system_alarm_service_default"
94-->[androidx.work:work-runtime:2.7.1] AndroidManifest.xml:44:13-72
95            android:exported="false" />
95-->[androidx.work:work-runtime:2.7.1] AndroidManifest.xml:45:13-37
96        <service
96-->[androidx.work:work-runtime:2.7.1] AndroidManifest.xml:47:9-53:35
97            android:name="androidx.work.impl.background.systemjob.SystemJobService"
97-->[androidx.work:work-runtime:2.7.1] AndroidManifest.xml:48:13-84
98            android:directBootAware="false"
98-->[androidx.work:work-runtime:2.7.1] AndroidManifest.xml:49:13-44
99            android:enabled="@bool/enable_system_job_service_default"
99-->[androidx.work:work-runtime:2.7.1] AndroidManifest.xml:50:13-70
100            android:exported="true"
100-->[androidx.work:work-runtime:2.7.1] AndroidManifest.xml:51:13-36
101            android:permission="android.permission.BIND_JOB_SERVICE" />
101-->[androidx.work:work-runtime:2.7.1] AndroidManifest.xml:52:13-69
102        <service
102-->[androidx.work:work-runtime:2.7.1] AndroidManifest.xml:54:9-59:35
103            android:name="androidx.work.impl.foreground.SystemForegroundService"
103-->[androidx.work:work-runtime:2.7.1] AndroidManifest.xml:55:13-81
104            android:directBootAware="false"
104-->[androidx.work:work-runtime:2.7.1] AndroidManifest.xml:56:13-44
105            android:enabled="@bool/enable_system_foreground_service_default"
105-->[androidx.work:work-runtime:2.7.1] AndroidManifest.xml:57:13-77
106            android:exported="false" />
106-->[androidx.work:work-runtime:2.7.1] AndroidManifest.xml:58:13-37
107
108        <receiver
108-->[androidx.work:work-runtime:2.7.1] AndroidManifest.xml:61:9-66:35
109            android:name="androidx.work.impl.utils.ForceStopRunnable$BroadcastReceiver"
109-->[androidx.work:work-runtime:2.7.1] AndroidManifest.xml:62:13-88
110            android:directBootAware="false"
110-->[androidx.work:work-runtime:2.7.1] AndroidManifest.xml:63:13-44
111            android:enabled="true"
111-->[androidx.work:work-runtime:2.7.1] AndroidManifest.xml:64:13-35
112            android:exported="false" />
112-->[androidx.work:work-runtime:2.7.1] AndroidManifest.xml:65:13-37
113        <receiver
113-->[androidx.work:work-runtime:2.7.1] AndroidManifest.xml:67:9-77:20
114            android:name="androidx.work.impl.background.systemalarm.ConstraintProxy$BatteryChargingProxy"
114-->[androidx.work:work-runtime:2.7.1] AndroidManifest.xml:68:13-106
115            android:directBootAware="false"
115-->[androidx.work:work-runtime:2.7.1] AndroidManifest.xml:69:13-44
116            android:enabled="false"
116-->[androidx.work:work-runtime:2.7.1] AndroidManifest.xml:70:13-36
117            android:exported="false" >
117-->[androidx.work:work-runtime:2.7.1] AndroidManifest.xml:71:13-37
118            <intent-filter>
118-->[androidx.work:work-runtime:2.7.1] AndroidManifest.xml:73:13-76:29
119                <action android:name="android.intent.action.ACTION_POWER_CONNECTED" />
119-->[androidx.work:work-runtime:2.7.1] AndroidManifest.xml:74:17-87
119-->[androidx.work:work-runtime:2.7.1] AndroidManifest.xml:74:25-84
120                <action android:name="android.intent.action.ACTION_POWER_DISCONNECTED" />
120-->[androidx.work:work-runtime:2.7.1] AndroidManifest.xml:75:17-90
120-->[androidx.work:work-runtime:2.7.1] AndroidManifest.xml:75:25-87
121            </intent-filter>
122        </receiver>
123        <receiver
123-->[androidx.work:work-runtime:2.7.1] AndroidManifest.xml:78:9-88:20
124            android:name="androidx.work.impl.background.systemalarm.ConstraintProxy$BatteryNotLowProxy"
124-->[androidx.work:work-runtime:2.7.1] AndroidManifest.xml:79:13-104
125            android:directBootAware="false"
125-->[androidx.work:work-runtime:2.7.1] AndroidManifest.xml:80:13-44
126            android:enabled="false"
126-->[androidx.work:work-runtime:2.7.1] AndroidManifest.xml:81:13-36
127            android:exported="false" >
127-->[androidx.work:work-runtime:2.7.1] AndroidManifest.xml:82:13-37
128            <intent-filter>
128-->[androidx.work:work-runtime:2.7.1] AndroidManifest.xml:84:13-87:29
129                <action android:name="android.intent.action.BATTERY_OKAY" />
129-->[androidx.work:work-runtime:2.7.1] AndroidManifest.xml:85:17-77
129-->[androidx.work:work-runtime:2.7.1] AndroidManifest.xml:85:25-74
130                <action android:name="android.intent.action.BATTERY_LOW" />
130-->[androidx.work:work-runtime:2.7.1] AndroidManifest.xml:86:17-76
130-->[androidx.work:work-runtime:2.7.1] AndroidManifest.xml:86:25-73
131            </intent-filter>
132        </receiver>
133        <receiver
133-->[androidx.work:work-runtime:2.7.1] AndroidManifest.xml:89:9-99:20
134            android:name="androidx.work.impl.background.systemalarm.ConstraintProxy$StorageNotLowProxy"
134-->[androidx.work:work-runtime:2.7.1] AndroidManifest.xml:90:13-104
135            android:directBootAware="false"
135-->[androidx.work:work-runtime:2.7.1] AndroidManifest.xml:91:13-44
136            android:enabled="false"
136-->[androidx.work:work-runtime:2.7.1] AndroidManifest.xml:92:13-36
137            android:exported="false" >
137-->[androidx.work:work-runtime:2.7.1] AndroidManifest.xml:93:13-37
138            <intent-filter>
138-->[androidx.work:work-runtime:2.7.1] AndroidManifest.xml:95:13-98:29
139                <action android:name="android.intent.action.DEVICE_STORAGE_LOW" />
139-->[androidx.work:work-runtime:2.7.1] AndroidManifest.xml:96:17-83
139-->[androidx.work:work-runtime:2.7.1] AndroidManifest.xml:96:25-80
140                <action android:name="android.intent.action.DEVICE_STORAGE_OK" />
140-->[androidx.work:work-runtime:2.7.1] AndroidManifest.xml:97:17-82
140-->[androidx.work:work-runtime:2.7.1] AndroidManifest.xml:97:25-79
141            </intent-filter>
142        </receiver>
143        <receiver
143-->[androidx.work:work-runtime:2.7.1] AndroidManifest.xml:100:9-109:20
144            android:name="androidx.work.impl.background.systemalarm.ConstraintProxy$NetworkStateProxy"
144-->[androidx.work:work-runtime:2.7.1] AndroidManifest.xml:101:13-103
145            android:directBootAware="false"
145-->[androidx.work:work-runtime:2.7.1] AndroidManifest.xml:102:13-44
146            android:enabled="false"
146-->[androidx.work:work-runtime:2.7.1] AndroidManifest.xml:103:13-36
147            android:exported="false" >
147-->[androidx.work:work-runtime:2.7.1] AndroidManifest.xml:104:13-37
148            <intent-filter>
148-->[androidx.work:work-runtime:2.7.1] AndroidManifest.xml:106:13-108:29
149                <action android:name="android.net.conn.CONNECTIVITY_CHANGE" />
149-->[androidx.work:work-runtime:2.7.1] AndroidManifest.xml:107:17-79
149-->[androidx.work:work-runtime:2.7.1] AndroidManifest.xml:107:25-76
150            </intent-filter>
151        </receiver>
152        <receiver
152-->[androidx.work:work-runtime:2.7.1] AndroidManifest.xml:110:9-121:20
153            android:name="androidx.work.impl.background.systemalarm.RescheduleReceiver"
153-->[androidx.work:work-runtime:2.7.1] AndroidManifest.xml:111:13-88
154            android:directBootAware="false"
154-->[androidx.work:work-runtime:2.7.1] AndroidManifest.xml:112:13-44
155            android:enabled="false"
155-->[androidx.work:work-runtime:2.7.1] AndroidManifest.xml:113:13-36
156            android:exported="false" >
156-->[androidx.work:work-runtime:2.7.1] AndroidManifest.xml:114:13-37
157            <intent-filter>
157-->[androidx.work:work-runtime:2.7.1] AndroidManifest.xml:116:13-120:29
158                <action android:name="android.intent.action.BOOT_COMPLETED" />
158-->[androidx.work:work-runtime:2.7.1] AndroidManifest.xml:117:17-79
158-->[androidx.work:work-runtime:2.7.1] AndroidManifest.xml:117:25-76
159                <action android:name="android.intent.action.TIME_SET" />
159-->[androidx.work:work-runtime:2.7.1] AndroidManifest.xml:118:17-73
159-->[androidx.work:work-runtime:2.7.1] AndroidManifest.xml:118:25-70
160                <action android:name="android.intent.action.TIMEZONE_CHANGED" />
160-->[androidx.work:work-runtime:2.7.1] AndroidManifest.xml:119:17-81
160-->[androidx.work:work-runtime:2.7.1] AndroidManifest.xml:119:25-78
161            </intent-filter>
162        </receiver>
163        <receiver
163-->[androidx.work:work-runtime:2.7.1] AndroidManifest.xml:122:9-131:20
164            android:name="androidx.work.impl.background.systemalarm.ConstraintProxyUpdateReceiver"
164-->[androidx.work:work-runtime:2.7.1] AndroidManifest.xml:123:13-99
165            android:directBootAware="false"
165-->[androidx.work:work-runtime:2.7.1] AndroidManifest.xml:124:13-44
166            android:enabled="@bool/enable_system_alarm_service_default"
166-->[androidx.work:work-runtime:2.7.1] AndroidManifest.xml:125:13-72
167            android:exported="false" >
167-->[androidx.work:work-runtime:2.7.1] AndroidManifest.xml:126:13-37
168            <intent-filter>
168-->[androidx.work:work-runtime:2.7.1] AndroidManifest.xml:128:13-130:29
169                <action android:name="androidx.work.impl.background.systemalarm.UpdateProxies" />
169-->[androidx.work:work-runtime:2.7.1] AndroidManifest.xml:129:17-98
169-->[androidx.work:work-runtime:2.7.1] AndroidManifest.xml:129:25-95
170            </intent-filter>
171        </receiver>
172        <receiver
172-->[androidx.work:work-runtime:2.7.1] AndroidManifest.xml:132:9-142:20
173            android:name="androidx.work.impl.diagnostics.DiagnosticsReceiver"
173-->[androidx.work:work-runtime:2.7.1] AndroidManifest.xml:133:13-78
174            android:directBootAware="false"
174-->[androidx.work:work-runtime:2.7.1] AndroidManifest.xml:134:13-44
175            android:enabled="true"
175-->[androidx.work:work-runtime:2.7.1] AndroidManifest.xml:135:13-35
176            android:exported="true"
176-->[androidx.work:work-runtime:2.7.1] AndroidManifest.xml:136:13-36
177            android:permission="android.permission.DUMP" >
177-->[androidx.work:work-runtime:2.7.1] AndroidManifest.xml:137:13-57
178            <intent-filter>
178-->[androidx.work:work-runtime:2.7.1] AndroidManifest.xml:139:13-141:29
179                <action android:name="androidx.work.diagnostics.REQUEST_DIAGNOSTICS" />
179-->[androidx.work:work-runtime:2.7.1] AndroidManifest.xml:140:17-88
179-->[androidx.work:work-runtime:2.7.1] AndroidManifest.xml:140:25-85
180            </intent-filter>
181        </receiver>
182
183        <service
183-->[androidx.room:room-runtime:2.2.5] AndroidManifest.xml:25:9-28:40
184            android:name="androidx.room.MultiInstanceInvalidationService"
184-->[androidx.room:room-runtime:2.2.5] AndroidManifest.xml:26:13-74
185            android:directBootAware="true"
185-->[androidx.room:room-runtime:2.2.5] AndroidManifest.xml:27:13-43
186            android:exported="false" />
186-->[androidx.room:room-runtime:2.2.5] AndroidManifest.xml:28:13-37
187
188        <activity
188-->[com.google.android.gms:play-services-auth:20.2.0] AndroidManifest.xml:23:9-27:75
189            android:name="com.google.android.gms.auth.api.signin.internal.SignInHubActivity"
189-->[com.google.android.gms:play-services-auth:20.2.0] AndroidManifest.xml:24:13-93
190            android:excludeFromRecents="true"
190-->[com.google.android.gms:play-services-auth:20.2.0] AndroidManifest.xml:25:13-46
191            android:exported="false"
191-->[com.google.android.gms:play-services-auth:20.2.0] AndroidManifest.xml:26:13-37
192            android:theme="@android:style/Theme.Translucent.NoTitleBar" />
192-->[com.google.android.gms:play-services-auth:20.2.0] AndroidManifest.xml:27:13-72
193        <!--
194            Service handling Google Sign-In user revocation. For apps that do not integrate with
195            Google Sign-In, this service will never be started.
196        -->
197        <service
197-->[com.google.android.gms:play-services-auth:20.2.0] AndroidManifest.xml:33:9-37:51
198            android:name="com.google.android.gms.auth.api.signin.RevocationBoundService"
198-->[com.google.android.gms:play-services-auth:20.2.0] AndroidManifest.xml:34:13-89
199            android:exported="true"
199-->[com.google.android.gms:play-services-auth:20.2.0] AndroidManifest.xml:35:13-36
200            android:permission="com.google.android.gms.auth.api.signin.permission.REVOCATION_NOTIFICATION"
200-->[com.google.android.gms:play-services-auth:20.2.0] AndroidManifest.xml:36:13-107
201            android:visibleToInstantApps="true" /> <!-- Needs to be explicitly declared on P+ -->
201-->[com.google.android.gms:play-services-auth:20.2.0] AndroidManifest.xml:37:13-48
202        <uses-library
202-->[com.google.android.gms:play-services-maps:18.0.2] AndroidManifest.xml:39:9-41:40
203            android:name="org.apache.http.legacy"
203-->[com.google.android.gms:play-services-maps:18.0.2] AndroidManifest.xml:40:13-50
204            android:required="false" />
204-->[com.google.android.gms:play-services-maps:18.0.2] AndroidManifest.xml:41:13-37
205
206        <activity
206-->[com.google.android.gms:play-services-base:18.0.1] AndroidManifest.xml:20:9-22:45
207            android:name="com.google.android.gms.common.api.GoogleApiActivity"
207-->[com.google.android.gms:play-services-base:18.0.1] AndroidManifest.xml:20:19-85
208            android:exported="false"
208-->[com.google.android.gms:play-services-base:18.0.1] AndroidManifest.xml:22:19-43
209            android:theme="@android:style/Theme.Translucent.NoTitleBar" />
209-->[com.google.android.gms:play-services-base:18.0.1] AndroidManifest.xml:21:19-78
210
211        <provider
211-->[com.google.firebase:firebase-common:20.1.1] AndroidManifest.xml:26:9-31:39
212            android:name="com.google.firebase.provider.FirebaseInitProvider"
212-->[com.google.firebase:firebase-common:20.1.1] AndroidManifest.xml:27:13-77
213            android:authorities="com.chowdown.firebaseinitprovider"
213-->[com.google.firebase:firebase-common:20.1.1] AndroidManifest.xml:28:13-72
214            android:directBootAware="true"
214-->[com.google.firebase:firebase-common:20.1.1] AndroidManifest.xml:29:13-43
215            android:exported="false"
215-->[com.google.firebase:firebase-common:20.1.1] AndroidManifest.xml:30:13-37
216            android:initOrder="100" />
216-->[com.google.firebase:firebase-common:20.1.1] AndroidManifest.xml:31:13-36
217
218        <meta-data
218-->[com.google.android.gms:play-services-basement:18.0.0] AndroidManifest.xml:21:9-23:69
219            android:name="com.google.android.gms.version"
219-->[com.google.android.gms:play-services-basement:18.0.0] AndroidManifest.xml:22:13-58
220            android:value="@integer/google_play_services_version" />
220-->[com.google.android.gms:play-services-basement:18.0.0] AndroidManifest.xml:23:13-66
221    </application>
222
223</manifest>